[debug] [2024-12-06T21:43:06.312Z] ----------------------------------------------------------------------
[debug] [2024-12-06T21:43:06.314Z] Command:       /usr/local/bin/node /usr/local/bin/firebase init
[debug] [2024-12-06T21:43:06.314Z] CLI Version:   13.28.0
[debug] [2024-12-06T21:43:06.314Z] Platform:      darwin
[debug] [2024-12-06T21:43:06.314Z] Node Version:  v20.11.1
[debug] [2024-12-06T21:43:06.314Z] Time:          Fri Dec 06 2024 13:43:06 GMT-0800 (Pacific Standard Time)
[debug] [2024-12-06T21:43:06.315Z] ----------------------------------------------------------------------
[debug] 
[debug] [2024-12-06T21:43:06.367Z] > command requires scopes: ["email","openid","https://www.googleapis.com/auth/cloudplatformprojects.readonly","https://www.googleapis.com/auth/firebase","https://www.googleapis.com/auth/cloud-platform"]
[debug] [2024-12-06T21:43:06.367Z] > authorizing via signed-in user (sabbyc@uw.edu)
[info] 
     ######## #### ########  ######## ########     ###     ######  ########
     ##        ##  ##     ## ##       ##     ##  ##   ##  ##       ##
     ######    ##  ########  ######   ########  #########  ######  ######
     ##        ##  ##    ##  ##       ##     ## ##     ##       ## ##
     ##       #### ##     ## ######## ########  ##     ##  ######  ########

You're about to initialize a Firebase project in this directory:

  /Users/sabby/Group-6

Before we get started, keep in mind:

  * You are initializing within an existing Firebase project directory

[info] 
=== Project Setup
[info] 
[info] First, let's associate this project directory with a Firebase project.
[info] You can create multiple project aliases by running firebase use --add, 
[info] but for now we'll just set up a default project.
[info] 
[debug] [2024-12-06T21:43:13.516Z] Using project from CLI flag: pnw-connect
[debug] [2024-12-06T21:43:13.517Z] Checked if tokens are valid: false, expires at: 1717143363416
[debug] [2024-12-06T21:43:13.518Z] Checked if tokens are valid: false, expires at: 1717143363416
[debug] [2024-12-06T21:43:13.518Z] > refreshing access token with scopes: []
[debug] [2024-12-06T21:43:13.520Z] >>> [apiv2][query] POST https://www.googleapis.com/oauth2/v3/token [none]
[debug] [2024-12-06T21:43:13.521Z] >>> [apiv2][body] POST https://www.googleapis.com/oauth2/v3/token [omitted]
[debug] [2024-12-06T21:43:13.683Z] <<< [apiv2][status] POST https://www.googleapis.com/oauth2/v3/token 400
[debug] [2024-12-06T21:43:13.683Z] <<< [apiv2][body] POST https://www.googleapis.com/oauth2/v3/token [omitted]
[debug] [2024-12-06T21:43:13.684Z] >>> [apiv2][query] GET https://firebase.googleapis.com/v1beta1/projects/pnw-connect [none]
[debug] [2024-12-06T21:43:13.818Z] <<< [apiv2][status] GET https://firebase.googleapis.com/v1beta1/projects/pnw-connect 401
[debug] [2024-12-06T21:43:13.818Z] <<< [apiv2][body] GET https://firebase.googleapis.com/v1beta1/projects/pnw-connect {"error":{"code":401,"message":"Request had invalid authentication credentials. Expected OAuth 2 access token, login cookie or other valid authentication credential. See https://developers.google.com/identity/sign-in/web/devconsole-project.","status":"UNAUTHENTICATED"}}
[debug] [2024-12-06T21:43:13.819Z] Got a 401 Unauthenticated error for a call that required authentication. Refreshing tokens.
[debug] [2024-12-06T21:43:13.819Z] Checked if tokens are valid: false, expires at: 1717143363416
[debug] [2024-12-06T21:43:13.819Z] Checked if tokens are valid: false, expires at: 1717143363416
[debug] [2024-12-06T21:43:13.819Z] > refreshing access token with scopes: []
[debug] [2024-12-06T21:43:13.820Z] >>> [apiv2][query] POST https://www.googleapis.com/oauth2/v3/token [none]
[debug] [2024-12-06T21:43:13.820Z] >>> [apiv2][body] POST https://www.googleapis.com/oauth2/v3/token [omitted]
[debug] [2024-12-06T21:43:13.858Z] <<< [apiv2][status] POST https://www.googleapis.com/oauth2/v3/token 400
[debug] [2024-12-06T21:43:13.859Z] <<< [apiv2][body] POST https://www.googleapis.com/oauth2/v3/token [omitted]
[debug] [2024-12-06T21:43:13.860Z] Request to https://firebase.googleapis.com/v1beta1/projects/pnw-connect had HTTP Error: 401, Request had invalid authentication credentials. Expected OAuth 2 access token, login cookie or other valid authentication credential. See https://developers.google.com/identity/sign-in/web/devconsole-project.
[debug] [2024-12-06T21:43:13.957Z] FirebaseError: Request to https://firebase.googleapis.com/v1beta1/projects/pnw-connect had HTTP Error: 401, Request had invalid authentication credentials. Expected OAuth 2 access token, login cookie or other valid authentication credential. See https://developers.google.com/identity/sign-in/web/devconsole-project.
    at responseToError (/usr/local/lib/node_modules/firebase-tools/lib/responseToError.js:52:12)
    at RetryOperation._fn (/usr/local/lib/node_modules/firebase-tools/lib/apiv2.js:312:77)
    at process.processTicksAndRejections (node:internal/process/task_queues:95:5)
[error] 
[error] Error: Failed to get Firebase project pnw-connect. Please make sure the project exists and your account has permission to access it.
